<?xml version="1.0" encoding="UTF-8"?>
<!-- Generated by org.testng.reporters.JUnitReportReporter -->
<testsuite hostname="autobot01" name="com.wcp.searchwarranttracting.LaunchApplicationOption" tests="1" failures="0" timestamp="25 Oct 2019 15:10:49 GMT" time="85.887" errors="0">
  <testcase name="LookUpByApplicationOption" time="85.887" classname="com.wcp.searchwarranttracting.LaunchApplicationOption"/>
</testsuite> <!-- com.wcp.searchwarranttracting.LaunchApplicationOption -->
