<?xml version="1.0" encoding="UTF-8"?>
<!-- Generated by org.testng.reporters.JUnitReportReporter -->
<testsuite hostname="autobot01" name="com.wcp.forfeiture.CaseInfoLookUpByDate" tests="1" failures="0" timestamp="28 Oct 2019 15:06:37 GMT" time="112.519" errors="0">
  <testcase name="LookUpByDate" time="112.519" classname="com.wcp.forfeiture.CaseInfoLookUpByDate"/>
</testsuite> <!-- com.wcp.forfeiture.CaseInfoLookUpByDate -->
