<?xml version="1.0" encoding="UTF-8"?>
<!-- Generated by org.testng.reporters.JUnitReportReporter -->
<testsuite hostname="autobot01" name="com.gis.GISBasicValidation" tests="1" failures="0" timestamp="1 Nov 2019 16:07:29 GMT" time="65.084" errors="0">
  <testcase name="GISBasicValidationTest" time="65.084" classname="com.gis.GISBasicValidation"/>
</testsuite> <!-- com.gis.GISBasicValidation -->
