<?xml version="1.0" encoding="UTF-8"?>
<!-- Generated by org.testng.reporters.JUnitReportReporter -->
<testsuite hostname="autobot01" name="com.wcp.forfeiture.CaseInfoLookUpByClaimaint" tests="1" failures="0" timestamp="28 Oct 2019 15:06:37 GMT" time="114.798" errors="0">
  <testcase name="LookUpByClaimaint" time="114.798" classname="com.wcp.forfeiture.CaseInfoLookUpByClaimaint"/>
</testsuite> <!-- com.wcp.forfeiture.CaseInfoLookUpByClaimaint -->
