<?xml version="1.0" encoding="UTF-8"?>
<!-- Generated by org.testng.reporters.JUnitReportReporter -->
<testsuite hostname="autobot01" name="com.wcp.CaseInfoLookUpByDate" tests="1" failures="0" timestamp="23 Oct 2019 19:25:51 GMT" time="125.349" errors="0">
  <testcase name="LookUpByDate" time="125.349" classname="com.wcp.CaseInfoLookUpByDate"/>
</testsuite> <!-- com.wcp.CaseInfoLookUpByDate -->
