<?xml version="1.0" encoding="UTF-8"?>
<!-- Generated by org.testng.reporters.JUnitReportReporter -->
<testsuite hostname="autobot01" name="com.wcblast.BlastMessageManagerDeptCenter" tests="1" failures="0" timestamp="1 Nov 2019 17:33:36 GMT" time="200.120" errors="0">
  <testcase name="BlastMessageManagerBasicFlow" time="200.120" classname="com.wcblast.BlastMessageManagerDeptCenter"/>
</testsuite> <!-- com.wcblast.BlastMessageManagerDeptCenter -->
