<?xml version="1.0" encoding="UTF-8"?>
<!-- Generated by org.testng.reporters.JUnitReportReporter -->
<testsuite hostname="autobot01" name="com.wcp.CaseInfoLookUpBySeizingAgencyIncident" tests="1" failures="0" timestamp="21 Oct 2019 20:04:51 GMT" time="31.908" errors="0">
  <testcase name="CaseInfoLookUpByAgencyIncident" time="31.908" classname="com.wcp.CaseInfoLookUpBySeizingAgencyIncident"/>
</testsuite> <!-- com.wcp.CaseInfoLookUpBySeizingAgencyIncident -->
