<?xml version="1.0" encoding="UTF-8"?>
<!-- Generated by org.testng.reporters.JUnitReportReporter -->
<testsuite hostname="autobot01" name="com.wcblast.WCBlastListManagerUpdate" tests="1" failures="0" timestamp="26 Sep 2019 16:44:02 GMT" time="41.749" errors="0">
  <testcase name="BlastBasicFlow" time="41.749" classname="com.wcblast.WCBlastListManagerUpdate"/>
</testsuite> <!-- com.wcblast.WCBlastListManagerUpdate -->
