<?xml version="1.0" encoding="UTF-8"?>
<!-- Generated by org.testng.reporters.JUnitReportReporter -->
<testsuite hostname="autobot01" name="com.wcblast.BasicTest" tests="1" failures="0" timestamp="26 Sep 2019 16:44:02 GMT" time="23.861" errors="0">
  <testcase name="test1" time="23.861" classname="com.wcblast.BasicTest"/>
</testsuite> <!-- com.wcblast.BasicTest -->
