<?xml version="1.0" encoding="UTF-8"?>
<!-- Generated by org.testng.reporters.JUnitReportReporter -->
<testsuite hostname="autobot01" name="com.wcp.searchwarranttracting.LaunchWarrantTrack" tests="1" failures="0" timestamp="25 Oct 2019 15:10:49 GMT" time="162.347" errors="0">
  <testcase name="LookUpByCaseInfo" time="162.347" classname="com.wcp.searchwarranttracting.LaunchWarrantTrack"/>
</testsuite> <!-- com.wcp.searchwarranttracting.LaunchWarrantTrack -->
