<?xml version="1.0" encoding="UTF-8"?>
<!-- Generated by org.testng.reporters.JUnitReportReporter -->
<testsuite hostname="autobot01" name="com.wcp.CaseInfoLookUpByOther" tests="1" failures="0" timestamp="21 Oct 2019 20:04:51 GMT" time="302.568" errors="0">
  <testcase name="LookUpByOther" time="302.568" classname="com.wcp.CaseInfoLookUpByOther"/>
</testsuite> <!-- com.wcp.CaseInfoLookUpByOther -->
