<?xml version="1.0" encoding="UTF-8"?>
<!-- Generated by org.testng.reporters.JUnitReportReporter -->
<testsuite hostname="autobot01" name="com.wcblast.WCBlastBasicFlow" tests="1" failures="0" timestamp="1 Nov 2019 17:33:36 GMT" time="38.790" errors="0">
  <testcase name="BlastBasicFlow" time="38.790" classname="com.wcblast.WCBlastBasicFlow"/>
</testsuite> <!-- com.wcblast.WCBlastBasicFlow -->
