<?xml version="1.0" encoding="UTF-8"?>
<!-- Generated by org.testng.reporters.JUnitReportReporter -->
<testsuite hostname="autobot01" name="com.wcp.CaseInfoLookUpBySeizure" tests="1" failures="0" timestamp="21 Oct 2019 20:04:50 GMT" time="117.443" errors="0">
  <testcase name="LookUpBySeizure" time="117.443" classname="com.wcp.CaseInfoLookUpBySeizure"/>
</testsuite> <!-- com.wcp.CaseInfoLookUpBySeizure -->
