<?xml version="1.0" encoding="UTF-8"?>
<!-- Generated by org.testng.reporters.JUnitReportReporter -->
<testsuite hostname="autobot01" name="com.wcp.CaseInfoLookUpByCaseTrackingNo" tests="1" failures="0" timestamp="21 Oct 2019 20:04:51 GMT" time="40.280" errors="0">
  <testcase name="LookUpByCaseTrackingNo" time="40.280" classname="com.wcp.CaseInfoLookUpByCaseTrackingNo"/>
</testsuite> <!-- com.wcp.CaseInfoLookUpByCaseTrackingNo -->
