<?xml version="1.0" encoding="UTF-8"?>
<!-- Generated by org.testng.reporters.JUnitReportReporter -->
<testsuite hostname="autobot01" name="com.servicedesk.com.CreatingAndModifyingIncident" tests="1" failures="0" timestamp="17 Oct 2019 20:08:15 GMT" time="237.327" errors="0">
  <testcase name="CreatingAndModifyingIncident" time="237.327" classname="com.servicedesk.com.CreatingAndModifyingIncident"/>
</testsuite> <!-- com.servicedesk.com.CreatingAndModifyingIncident -->
