<?xml version="1.0" encoding="UTF-8"?>
<!-- Generated by org.testng.reporters.JUnitReportReporter -->
<testsuite hostname="autobot01" name="com.wcp.CaseInfoLookUpByCaseInfo" tests="1" failures="0" timestamp="28 Aug 2019 18:23:32 GMT" time="34.063" errors="0">
  <testcase name="LookUpByCaseInfo" time="34.063" classname="com.wcp.CaseInfoLookUpByCaseInfo"/>
</testsuite> <!-- com.wcp.CaseInfoLookUpByCaseInfo -->
