<?xml version="1.0" encoding="UTF-8"?>
<!-- Generated by org.testng.reporters.JUnitReportReporter -->
<testsuite hostname="autobot01" name="com.servicedesk.com.SelfServiceUser" tests="1" failures="0" timestamp="17 Oct 2019 20:08:15 GMT" time="90.126" errors="0">
  <testcase name="ReportTechnologyIssue" time="90.126" classname="com.servicedesk.com.SelfServiceUser"/>
</testsuite> <!-- com.servicedesk.com.SelfServiceUser -->
