<?xml version="1.0" encoding="UTF-8"?>
<!-- Generated by org.testng.reporters.JUnitReportReporter -->
<testsuite hostname="autobot01" name="com.wcp.forfeiture.CaseInfoLookUpBySeizure" tests="1" failures="0" timestamp="28 Oct 2019 15:06:36 GMT" time="114.405" errors="0">
  <testcase name="LookUpBySeizure" time="114.405" classname="com.wcp.forfeiture.CaseInfoLookUpBySeizure"/>
</testsuite> <!-- com.wcp.forfeiture.CaseInfoLookUpBySeizure -->
