<?xml version="1.0" encoding="UTF-8"?>
<!-- Generated by org.testng.reporters.JUnitReportReporter -->
<testsuite hostname="autobot01" name="com.wcp.CaseInfoLookUpByCircuitCourtCase" tests="1" failures="0" timestamp="21 Oct 2019 20:04:51 GMT" time="111.651" errors="0">
  <testcase name="LookUpByCircuitCourtCase" time="111.651" classname="com.wcp.CaseInfoLookUpByCircuitCourtCase"/>
</testsuite> <!-- com.wcp.CaseInfoLookUpByCircuitCourtCase -->
