<?xml version="1.0" encoding="UTF-8"?>
<!-- Generated by org.testng.reporters.JUnitReportReporter -->
<testsuite hostname="autobot01" name="com.wcp.forfeiture.CaseInfoLookUpByCircuitCourtCase" tests="1" failures="0" timestamp="28 Oct 2019 15:06:37 GMT" time="109.954" errors="0">
  <testcase name="LookUpByCircuitCourtCase" time="109.954" classname="com.wcp.forfeiture.CaseInfoLookUpByCircuitCourtCase"/>
</testsuite> <!-- com.wcp.forfeiture.CaseInfoLookUpByCircuitCourtCase -->
