<?xml version="1.0" encoding="UTF-8"?>
<!-- Generated by org.testng.reporters.JUnitReportReporter -->
<testsuite hostname="autobot01" name="com.wcblast.WCBlastListManagerAddNewEmail" tests="1" failures="0" timestamp="1 Nov 2019 17:33:36 GMT" time="20.816" errors="0">
  <testcase name="BlastBasicFlow" time="20.816" classname="com.wcblast.WCBlastListManagerAddNewEmail"/>
</testsuite> <!-- com.wcblast.WCBlastListManagerAddNewEmail -->
