<?xml version="1.0" encoding="UTF-8"?>
<!-- Generated by org.testng.reporters.JUnitReportReporter -->
<testsuite hostname="autobot01" name="com.gis.ContentValidation" tests="1" failures="0" timestamp="1 Nov 2019 16:07:29 GMT" time="158.351" errors="0">
  <testcase name="ContentValidationTest" time="158.351" classname="com.gis.ContentValidation"/>
</testsuite> <!-- com.gis.ContentValidation -->
