<?xml version="1.0" encoding="UTF-8"?>
<!-- Generated by org.testng.reporters.JUnitReportReporter -->
<testsuite hostname="autobot01" name="com.wcp.forfeiture.CaseInfoLookUpByCivilCourtCaseNo" tests="1" failures="0" timestamp="28 Oct 2019 15:06:36 GMT" time="28.700" errors="0">
  <testcase name="CivilCourtCaseNo" time="28.700" classname="com.wcp.forfeiture.CaseInfoLookUpByCivilCourtCaseNo"/>
</testsuite> <!-- com.wcp.forfeiture.CaseInfoLookUpByCivilCourtCaseNo -->
