<?xml version="1.0" encoding="UTF-8"?>
<!-- Generated by org.testng.reporters.JUnitReportReporter -->
<testsuite hostname="autobot01" name="com.wcp.forfeiture.CaseInfoLookUpByCaseTrackingNo" tests="1" failures="0" timestamp="28 Oct 2019 15:06:37 GMT" time="44.849" errors="0">
  <testcase name="LookUpByCaseTrackingNo" time="44.849" classname="com.wcp.forfeiture.CaseInfoLookUpByCaseTrackingNo"/>
</testsuite> <!-- com.wcp.forfeiture.CaseInfoLookUpByCaseTrackingNo -->
