<?xml version="1.0" encoding="UTF-8"?>
<!-- Generated by org.testng.reporters.JUnitReportReporter -->
<testsuite hostname="autobot01" name="com.wcp.CaseInfoLookUpByCivilCourtCaseNo" tests="1" failures="0" timestamp="21 Oct 2019 20:04:51 GMT" time="31.310" errors="0">
  <testcase name="CivilCourtCaseNo" time="31.310" classname="com.wcp.CaseInfoLookUpByCivilCourtCaseNo"/>
</testsuite> <!-- com.wcp.CaseInfoLookUpByCivilCourtCaseNo -->
