<?xml version="1.0" encoding="UTF-8"?>
<!-- Generated by org.testng.reporters.JUnitReportReporter -->
<testsuite hostname="autobot01" name="com.wcp.searchwarranttracking.LaunchUserManagement" tests="1" failures="0" timestamp="28 Oct 2019 15:06:36 GMT" time="112.321" errors="0">
  <testcase name="LookUpUserManagement" time="112.321" classname="com.wcp.searchwarranttracking.LaunchUserManagement"/>
</testsuite> <!-- com.wcp.searchwarranttracking.LaunchUserManagement -->
