<?xml version="1.0" encoding="UTF-8"?>
<!-- Generated by org.testng.reporters.JUnitReportReporter -->
<testsuite hostname="autobot01" name="com.wcp.CaseInfoLookUpByDistrictCourtCaseNo" tests="1" failures="0" timestamp="21 Oct 2019 20:04:50 GMT" time="31.443" errors="0">
  <testcase name="LookUpByDistrictCourtCaseNo" time="31.443" classname="com.wcp.CaseInfoLookUpByDistrictCourtCaseNo"/>
</testsuite> <!-- com.wcp.CaseInfoLookUpByDistrictCourtCaseNo -->
