<?xml version="1.0" encoding="UTF-8"?>
<!-- Generated by org.testng.reporters.JUnitReportReporter -->
<testsuite hostname="autobot01" name="com.wcp.forfeiture.CaseInfoLookUpByDistrictCourtCaseNo" tests="1" failures="0" timestamp="28 Oct 2019 15:06:37 GMT" time="29.068" errors="0">
  <testcase name="LookUpByDistrictCourtCaseNo" time="29.068" classname="com.wcp.forfeiture.CaseInfoLookUpByDistrictCourtCaseNo"/>
</testsuite> <!-- com.wcp.forfeiture.CaseInfoLookUpByDistrictCourtCaseNo -->
