<?xml version="1.0" encoding="UTF-8"?>
<!-- Generated by org.testng.reporters.JUnitReportReporter -->
<testsuite hostname="autobot01" name="com.wcp.searchwarranttracking.LaunchWarrantTrack" tests="1" failures="0" timestamp="28 Oct 2019 15:06:37 GMT" time="242.730" errors="0">
  <testcase name="LookUpByCaseInfo" time="242.730" classname="com.wcp.searchwarranttracking.LaunchWarrantTrack"/>
</testsuite> <!-- com.wcp.searchwarranttracking.LaunchWarrantTrack -->
