<?xml version="1.0" encoding="UTF-8"?>
<!-- Generated by org.testng.reporters.JUnitReportReporter -->
<testsuite hostname="autobot01" name="com.gis.CreateBaseMap" tests="1" failures="0" timestamp="1 Nov 2019 16:07:29 GMT" time="136.532" errors="0">
  <testcase name="CreateBaseMapTest" time="136.532" classname="com.gis.CreateBaseMap"/>
</testsuite> <!-- com.gis.CreateBaseMap -->
