<?xml version="1.0" encoding="UTF-8"?>
<!-- Generated by org.testng.reporters.JUnitReportReporter -->
<testsuite hostname="autobot01" name="com.servicedesk.com.CreateCloseTask" tests="1" failures="0" timestamp="17 Oct 2019 19:57:43 GMT" time="185.662" errors="0">
  <testcase name="CreatingAndClosingTask" time="185.662" classname="com.servicedesk.com.CreateCloseTask"/>
</testsuite> <!-- com.servicedesk.com.CreateCloseTask -->
