<?xml version="1.0" encoding="UTF-8"?>
<!-- Generated by org.testng.reporters.JUnitReportReporter -->
<testsuite hostname="autobot01" name="com.wcp.searchwarranttracking.LaunchApplicationOption" tests="1" failures="0" timestamp="28 Oct 2019 15:06:36 GMT" time="114.143" errors="0">
  <testcase name="LookUpByApplicationOption" time="114.143" classname="com.wcp.searchwarranttracking.LaunchApplicationOption"/>
</testsuite> <!-- com.wcp.searchwarranttracking.LaunchApplicationOption -->
